<?xml version="1.0" encoding="UTF-8"?>
<!-- Generated by org.testng.reporters.JUnitXMLReporter -->
<testsuite ignored="3" hostname="SoumyaRaj" failures="0" tests="3" name="Default test" time="42.785" errors="0" timestamp="2024-07-31T13:17:17 IST">
  <testcase classname="Project.Orangehrm" name="doLoginwithInvalidCrdentilas" time="6.844"/>
  <testcase classname="Project.Orangehrm" name="addEmployee" time="15.272"/>
  <testcase classname="Project.Orangehrm" name="addEmployeeImages" time="8.694"/>
  <testcase classname="Project.Orangehrm" name="LoginCredentials" time="0.0">
    <ignored/>
  </testcase> <!-- LoginCredentials -->
  <testcase classname="Project.Orangehrm" name="searchEmployeeByName" time="0.0">
    <ignored/>
  </testcase> <!-- searchEmployeeByName -->
  <testcase classname="Project.Orangehrm" name="searchEmployeeById" time="0.0">
    <ignored/>
  </testcase> <!-- searchEmployeeById -->
</testsuite> <!-- Default test -->
