<?xml version="1.0" encoding="UTF-8"?>
<testng-results ignored="0" total="3" passed="3" failed="0" skipped="0">
  <reporter-output>
  </reporter-output>
  <suite started-at="2024-07-31T13:16:34 IST" name="Default suite" finished-at="2024-07-31T13:17:17 IST" duration-ms="42785">
    <groups>
    </groups>
    <test started-at="2024-07-31T13:16:34 IST" name="Default test" finished-at="2024-07-31T13:17:17 IST" duration-ms="42785">
      <class name="Project.Orangehrm">
        <test-method is-config="true" signature="set_browser()[pri:0, instance:Project.Orangehrm@2b71e916]" started-at="2024-07-31T13:16:34 IST" name="set_browser" finished-at="2024-07-31T13:16:41 IST" duration-ms="6571" status="PASS">
          <reporter-output>
          </reporter-output>
        </test-method> <!-- set_browser -->
        <test-method signature="doLoginwithInvalidCrdentilas()[pri:1, instance:Project.Orangehrm@2b71e916]" started-at="2024-07-31T13:16:41 IST" name="doLoginwithInvalidCrdentilas" finished-at="2024-07-31T13:16:48 IST" duration-ms="6844" status="PASS">
          <reporter-output>
          </reporter-output>
        </test-method> <!-- doLoginwithInvalidCrdentilas -->
        <test-method signature="addEmployee()[pri:3, instance:Project.Orangehrm@2b71e916]" started-at="2024-07-31T13:16:48 IST" name="addEmployee" finished-at="2024-07-31T13:17:03 IST" duration-ms="15272" status="PASS">
          <reporter-output>
          </reporter-output>
        </test-method> <!-- addEmployee -->
        <test-method signature="addEmployeeImages()[pri:6, instance:Project.Orangehrm@2b71e916]" started-at="2024-07-31T13:17:03 IST" name="addEmployeeImages" finished-at="2024-07-31T13:17:11 IST" duration-ms="8694" status="PASS">
          <reporter-output>
          </reporter-output>
        </test-method> <!-- addEmployeeImages -->
        <test-method is-config="true" signature="teardown()[pri:0, instance:Project.Orangehrm@2b71e916]" started-at="2024-07-31T13:17:11 IST" name="teardown" finished-at="2024-07-31T13:17:17 IST" duration-ms="5348" status="PASS">
          <reporter-output>
          </reporter-output>
        </test-method> <!-- teardown -->
      </class> <!-- Project.Orangehrm -->
    </test> <!-- Default test -->
  </suite> <!-- Default suite -->
</testng-results>
